<?xml version="1.0" encoding="UTF-8"?>
<!-- Generated by org.testng.reporters.JUnitReportReporter -->
<testsuite hostname="IZ-PC" name="test.leadAutomationTestDeveloper" tests="1" failures="0" timestamp="10 Sep 2016 21:47:37 GMT" time="12.918" errors="0">
  <testcase name="test" time="12.918" classname="test.leadAutomationTestDeveloper"/>
</testsuite> <!-- test.leadAutomationTestDeveloper -->
