<?xml version="1.0" encoding="UTF-8"?>
<!-- Generated by org.testng.reporters.JUnitReportReporter -->
<testsuite hostname="IZ-PC" name="test.Scenario2" tests="1" failures="0" timestamp="9 Sep 2016 18:59:15 GMT" time="11.866" errors="0">
  <testcase name="Scenario2" time="11.866" classname="test.Scenario2"/>
</testsuite> <!-- test.Scenario2 -->
