<?xml version="1.0" encoding="UTF-8"?>
<!-- Generated by org.testng.reporters.JUnitReportReporter -->
<testsuite hostname="IZ-PC" name="test.leadPerformanceTest_QA" tests="1" failures="0" timestamp="10 Sep 2016 21:48:58 GMT" time="14.425" errors="0">
  <testcase name="test" time="14.425" classname="test.leadPerformanceTest_QA"/>
</testsuite> <!-- test.leadPerformanceTest_QA -->
